<?xml version="1.0" encoding="utf-8"?><testsuites name="pytest tests"><testsuite name="pytest" errors="0" failures="0" skipped="0" tests="53" time="3.379" timestamp="2025-11-27T22:00:25.560460+00:00" hostname="Cashs-MacBook-Pro.local"><testcase classname="backend.tests.test_integration.TestCrmErpIntegration" name="test_lead_conversion_to_account_and_contact" time="1.045" /><testcase classname="backend.tests.test_integration.TestCrmErpIntegration" name="test_account_with_invoices_and_payments" time="0.018" /><testcase classname="backend.tests.test_integration.TestCrmErpIntegration" name="test_account_related_data_endpoint" time="0.030" /><testcase classname="backend.tests.test_integration.TestDomainEventsSync" name="test_account_created_event" time="0.010" /><testcase classname="backend.tests.test_integration.TestDomainEventsSync" name="test_account_updated_event" time="0.011" /><testcase classname="backend.tests.test_integration.TestDomainEventsSync" name="test_contact_created_event" time="0.010" /><testcase classname="backend.tests.test_integration.TestProjectConstructionFlow" name="test_project_with_transactions" time="0.014" /><testcase classname="backend.tests.test_integration.TestProjectConstructionFlow" name="test_project_with_equipment_and_inspections" time="0.013" /><testcase classname="backend.tests.test_integration.TestInventoryFlow" name="test_product_stock_management" time="0.029" /><testcase classname="backend.tests.test_integration.TestInventoryFlow" name="test_purchase_order_to_stock" time="0.022" /><testcase classname="backend.tests.test_integration.TestSalesFlow" name="test_sales_order_to_invoice" time="0.016" /><testcase classname="backend.tests.test_integration.TestFavoritesSystem" name="test_favorite_project_workflow" time="0.026" /><testcase classname="backend.tests.test_integration.TestFavoritesSystem" name="test_favorite_account_workflow" time="0.015" /><testcase classname="backend.tests.test_integration.TestUnifiedSearchIntegration" name="test_search_across_multiple_entities" time="0.024" /><testcase classname="backend.tests.test_integration.TestHRPayrollFlow" name="test_employee_payroll_cycle" time="0.012" /><testcase classname="backend.tests.test_integration.TestHRPayrollFlow" name="test_employee_leave_request" time="0.013" /><testcase classname="backend.tests.test_integration.TestDashboardData" name="test_dashboard_aggregates_data" time="0.022" /><testcase classname="backend.tests.test_permissions.TestRBACUserRoles" name="test_user_role_assignment" time="0.006" /><testcase classname="backend.tests.test_permissions.TestRBACUserRoles" name="test_admin_has_all_roles" time="0.005" /><testcase classname="backend.tests.test_permissions.TestRBACUserRoles" name="test_user_azure_ad_roles_integration" time="0.005" /><testcase classname="backend.tests.test_permissions.TestAuthenticatedVsUnauthenticated" name="test_authenticated_can_list_users" time="0.021" /><testcase classname="backend.tests.test_permissions.TestAuthenticatedVsUnauthenticated" name="test_authenticated_can_list_accounts" time="0.030" /><testcase classname="backend.tests.test_permissions.TestAuthenticatedVsUnauthenticated" name="test_authenticated_can_list_projects" time="0.050" /><testcase classname="backend.tests.test_permissions.TestAuthenticatedVsUnauthenticated" name="test_authenticated_can_create_account" time="0.013" /><testcase classname="backend.tests.test_permissions.TestAuthenticatedVsUnauthenticated" name="test_finance_user_can_access_invoices" time="0.019" /><testcase classname="backend.tests.test_permissions.TestAuthenticatedVsUnauthenticated" name="test_hr_user_can_access_employees" time="0.019" /><testcase classname="backend.tests.test_permissions.TestAuthenticatedVsUnauthenticated" name="test_site_manager_can_access_projects" time="0.035" /><testcase classname="backend.tests.test_permissions.TestAuthenticatedVsUnauthenticated" name="test_operations_user_can_access_warehouses" time="0.013" /><testcase classname="backend.tests.test_permissions.TestValidationErrors" name="test_create_user_missing_required_fields" time="0.009" /><testcase classname="backend.tests.test_permissions.TestValidationErrors" name="test_create_account_missing_required_fields" time="0.009" /><testcase classname="backend.tests.test_permissions.TestValidationErrors" name="test_create_project_missing_required_fields" time="0.011" /><testcase classname="backend.tests.test_permissions.TestValidationErrors" name="test_create_invoice_missing_required_fields" time="0.009" /><testcase classname="backend.tests.test_permissions.TestValidationErrors" name="test_duplicate_username_error" time="0.011" /><testcase classname="backend.tests.test_permissions.TestValidationErrors" name="test_duplicate_account_number_error" time="0.013" /><testcase classname="backend.tests.test_permissions.TestNegativeFlows" name="test_get_nonexistent_user" time="0.009" /><testcase classname="backend.tests.test_permissions.TestNegativeFlows" name="test_get_nonexistent_account" time="0.010" /><testcase classname="backend.tests.test_permissions.TestNegativeFlows" name="test_get_nonexistent_project" time="0.010" /><testcase classname="backend.tests.test_permissions.TestNegativeFlows" name="test_update_nonexistent_resource" time="0.010" /><testcase classname="backend.tests.test_permissions.TestNegativeFlows" name="test_delete_nonexistent_resource" time="0.008" /><testcase classname="backend.tests.test_permissions.TestNegativeFlows" name="test_invalid_payment_terms" time="0.009" /><testcase classname="backend.tests.test_permissions.TestNegativeFlows" name="test_invalid_status_filter" time="0.010" /><testcase classname="backend.tests.test_permissions.TestEdgeCases" name="test_project_minimal_budget" time="0.007" /><testcase classname="backend.tests.test_permissions.TestEdgeCases" name="test_project_100_percent_progress" time="0.017" /><testcase classname="backend.tests.test_permissions.TestEdgeCases" name="test_empty_search_query" time="0.008" /><testcase classname="backend.tests.test_permissions.TestEdgeCases" name="test_very_long_search_query" time="0.031" /><testcase classname="backend.tests.test_permissions.TestEdgeCases" name="test_special_characters_in_search" time="0.020" /><testcase classname="backend.tests.test_permissions.TestEdgeCases" name="test_unicode_in_account_name" time="0.016" /><testcase classname="backend.tests.test_permissions.TestEdgeCases" name="test_large_budget_value" time="0.008" /><testcase classname="backend.tests.test_permissions.TestConcurrentOperations" name="test_create_multiple_accounts_sequentially" time="0.047" /><testcase classname="backend.tests.test_permissions.TestConcurrentOperations" name="test_rapid_status_updates" time="0.057" /><testcase classname="backend.tests.test_permissions.TestDataIntegrity" name="test_cascade_delete_contacts_on_account" time="0.032" /><testcase classname="backend.tests.test_permissions.TestDataIntegrity" name="test_foreign_key_set_null_on_delete" time="0.023" /><testcase classname="backend.tests.test_permissions.TestDataIntegrity" name="test_unique_ticket_number_constraint" time="0.014" /></testsuite></testsuites>